app/build/intermediates/manifest_merge_blame_file/debug/manifest-merger-blame-debug-report.txt
1<?xml version="1.0" encoding="utf-8"?>
2<manifest xmlns:android="http://schemas.android.com/apk/res/android"
3    package="com.example.listviewformyapp"
4    android:versionCode="1"
5    android:versionName="1.0" >
6
7    <uses-sdk
8        android:minSdkVersion="21"
8-->src\main\AndroidManifest.xml
9        android:targetSdkVersion="31" />
9-->src\main\AndroidManifest.xml
10
11    <application
11-->src\main\AndroidManifest.xml:5:5-36:19
12        android:allowBackup="true"
12-->src\main\AndroidManifest.xml:6:9-35
13        android:appComponentFactory="androidx.core.app.CoreComponentFactory"
13-->[androidx.core:core:1.5.0] AndroidManifest.xml:24:18-86
14        android:debuggable="true"
15        android:icon="@mipmap/ic_launcher"
15-->src\main\AndroidManifest.xml:7:9-43
16        android:label="@string/app_name"
16-->src\main\AndroidManifest.xml:8:9-41
17        android:roundIcon="@mipmap/ic_launcher_round"
17-->src\main\AndroidManifest.xml:9:9-54
18        android:supportsRtl="true"
18-->src\main\AndroidManifest.xml:10:9-35
19        android:testOnly="true"
20        android:theme="@style/Theme.ListViewForMyApp" >
20-->src\main\AndroidManifest.xml:11:9-54
21        <activity
21-->src\main\AndroidManifest.xml:12:9-14:40
22            android:name="com.example.listviewformyapp.signUpScreen"
22-->src\main\AndroidManifest.xml:13:13-41
23            android:exported="false" />
23-->src\main\AndroidManifest.xml:14:13-37
24        <activity
24-->src\main\AndroidManifest.xml:15:9-18:67
25            android:name="com.example.listviewformyapp.ui.login.LoginScreen"
25-->src\main\AndroidManifest.xml:16:13-49
26            android:exported="false"
26-->src\main\AndroidManifest.xml:17:13-37
27            android:label="@string/title_activity_login_screen" />
27-->src\main\AndroidManifest.xml:18:13-64
28        <activity
28-->src\main\AndroidManifest.xml:19:9-21:40
29            android:name="com.example.listviewformyapp.SplashScreen"
29-->src\main\AndroidManifest.xml:20:13-41
30            android:exported="false" />
30-->src\main\AndroidManifest.xml:21:13-37
31        <activity android:name="com.example.listviewformyapp.MainActivity" />
31-->src\main\AndroidManifest.xml:22:9-50
31-->src\main\AndroidManifest.xml:22:19-47
32        <activity
32-->src\main\AndroidManifest.xml:23:9-31:20
33            android:name="com.example.listviewformyapp.profession_scree"
33-->src\main\AndroidManifest.xml:24:13-45
34            android:exported="true" >
34-->src\main\AndroidManifest.xml:25:13-36
35            <intent-filter>
35-->src\main\AndroidManifest.xml:26:13-30:29
36                <action android:name="android.intent.action.MAIN" />
36-->src\main\AndroidManifest.xml:27:17-69
36-->src\main\AndroidManifest.xml:27:25-66
37
38                <category android:name="android.intent.category.LAUNCHER" />
38-->src\main\AndroidManifest.xml:29:17-77
38-->src\main\AndroidManifest.xml:29:27-74
39            </intent-filter>
40        </activity>
41
42        <meta-data
42-->src\main\AndroidManifest.xml:33:9-35:57
43            android:name="preloaded_fonts"
43-->src\main\AndroidManifest.xml:34:13-43
44            android:resource="@array/preloaded_fonts" />
44-->src\main\AndroidManifest.xml:35:13-54
45    </application>
46
47</manifest>